{"numFailedTestSuites":2,"numFailedTests":0,"numPassedTestSuites":0,"numPassedTests":0,"numPendingTestSuites":0,"numPendingTests":0,"numRuntimeErrorTestSuites":2,"numTotalTestSuites":2,"numTotalTests":0,"snapshot":{"added":0,"didUpdate":false,"failure":false,"filesAdded":0,"filesRemoved":0,"filesUnmatched":0,"filesUpdated":0,"matched":0,"total":0,"unchecked":0,"uncheckedKeys":[],"unmatched":0,"updated":0},"startTime":1547805819652,"success":false,"testResults":[{"assertionResults":[],"coverage":{},"endTime":1547805821517,"message":"  \u001b[1m● \u001b[22mTest suite failed to run\n\n    /Users/Kone-a/Documents/Projects/Pro/graphql-learning/src/schema.graphql:1\n    ({\"Object.<anonymous>\":function(module,exports,require,__dirname,__filename,global,jest){type Query {\n                                                                                                  ^^^^^\n    \n    SyntaxError: Unexpected identifier\n\n    \u001b[0m \u001b[90m 1 | \u001b[39m\u001b[36mconst\u001b[39m {\u001b[0m\n    \u001b[0m \u001b[90m 2 | \u001b[39m  makeExecutableSchema\u001b[33m,\u001b[39m\u001b[0m\n    \u001b[0m\u001b[31m\u001b[1m>\u001b[22m\u001b[39m\u001b[90m 3 | \u001b[39m  addMockFunctionsToSchema\u001b[33m,\u001b[39m\u001b[0m\n    \u001b[0m \u001b[90m 4 | \u001b[39m  mockServer\u001b[0m\n    \u001b[0m \u001b[90m 5 | \u001b[39m} \u001b[33m=\u001b[39m require(\u001b[32m'graphql-yoga'\u001b[39m)\u001b[33m;\u001b[39m\u001b[0m\n    \u001b[0m \u001b[90m 6 | \u001b[39m\u001b[0m\n      \n      \u001b[2mat ScriptTransformer._transformAndBuildScript (\u001b[22m\u001b[0m\u001b[36m../../../../../../usr/local/lib/node_modules/jest/node_modules/jest-runtime/build/script_transformer.js\u001b[39m\u001b[0m\u001b[2m:318:17)\u001b[22m\n      \u001b[2mat Object.<anonymous> (\u001b[22m\u001b[0m\u001b[36mtest/schema.test.js\u001b[39m\u001b[0m\u001b[2m:3:15)\u001b[22m\n","name":"/Users/Kone-a/Documents/Projects/Pro/graphql-learning/test/schema.test.js","startTime":1547805821517,"status":"failed","summary":""},{"assertionResults":[],"coverage":{},"endTime":1547805821517,"message":"  \u001b[1m● \u001b[22mTest suite failed to run\n\n    \u001b[31m\u001b[1mConfiguration error\u001b[22m:\u001b[39m\n    \u001b[31m\u001b[39m\n    \u001b[31mCould not locate module \u001b[1m~/resolvers\u001b[22m (mapped as \u001b[1m/Users/Kone-a/Documents/Projects/Pro/graphql-learning//resolvers\u001b[22m)\u001b[39m\n    \u001b[31m\u001b[39m\n    \u001b[31mPlease check:\u001b[39m\n    \u001b[31m\u001b[39m\n    \u001b[31m\"moduleNameMapper\": {\u001b[39m\n    \u001b[31m  \"/~(.*)$/\": \"\u001b[1m/Users/Kone-a/Documents/Projects/Pro/graphql-learning/$1\u001b[22m\"\u001b[39m\n    \u001b[31m},\u001b[39m\n    \u001b[31m\"resolver\": \u001b[1mundefined\u001b[22m\u001b[39m\n","name":"/Users/Kone-a/Documents/Projects/Pro/graphql-learning/test/resolvers.test.js","startTime":1547805821517,"status":"failed","summary":""}],"wasInterrupted":false}